<?xml version="1.0" encoding="UTF-8"?>
<testng-results skipped="0" failed="0" ignored="0" total="1" passed="1">
  <reporter-output>
  </reporter-output>
  <suite name="Default suite" duration-ms="3867" started-at="2017-06-10T14:52:35Z" finished-at="2017-06-10T14:52:39Z">
    <groups>
    </groups>
    <test name="Default test" duration-ms="3867" started-at="2017-06-10T14:52:35Z" finished-at="2017-06-10T14:52:39Z">
      <class name="com.googlerestApi.com.googleAPITesting.RestAssuredAPIGetAndPost">
        <test-method status="PASS" signature="ownAPI()[pri:0, instance:com.googlerestApi.com.googleAPITesting.RestAssuredAPIGetAndPost@7cd62f43]" name="ownAPI" duration-ms="3843" started-at="2017-06-10T20:22:35Z" finished-at="2017-06-10T20:22:39Z">
          <reporter-output>
          </reporter-output>
        </test-method> <!-- ownAPI -->
      </class> <!-- com.googlerestApi.com.googleAPITesting.RestAssuredAPIGetAndPost -->
    </test> <!-- Default test -->
  </suite> <!-- Default suite -->
</testng-results>
